2025-12-28 17:23:06 - INFO - === 任务开始 - 测试 (ID: 1) ===
2025-12-28 17:23:06 - INFO - 任务启动成功
2025-12-28 17:23:06 - INFO - 任务参数:
2025-12-28 17:23:06 - INFO -   symbol: SKYUSDT
2025-12-28 17:23:06 - INFO -   quantity: 3000.0
2025-12-28 17:23:06 - INFO -   interval: 5
2025-12-28 17:23:06 - INFO -   rounds: 3
2025-12-28 17:23:06 - INFO -   leverage: 20
2025-12-28 17:23:06 - INFO -   side: both
2025-12-28 17:23:06 - INFO -   order_type: market
2025-12-28 17:24:37 - INFO - === 任务开始 - 测试 (ID: 1) ===
2025-12-28 17:24:37 - INFO - ============================================================
2025-12-28 17:24:37 - INFO - 任务运行器启动 - 任务ID: 1
2025-12-28 17:24:37 - INFO - ============================================================
2025-12-28 17:24:37 - INFO - 任务数据加载成功: 测试
2025-12-28 17:24:37 - INFO - 钱包: 我自己的钱包 (futures)
2025-12-28 17:24:37 - INFO - 策略: 合约HIDDEN自成交策略 (hidden_futures)
2025-12-28 17:24:37 - INFO - 策略参数: {'symbol': 'SKYUSDT', 'quantity': '3000.00000000', 'interval': 5, 'rounds': 3, 'leverage': 20, 'side': 'both', 'order_type': 'market'}
2025-12-28 17:24:38 - INFO - 策略类加载成功: HiddenFuturesStrategy
2025-12-28 17:24:38 - INFO - 策略实例创建成功: HiddenFuturesStrategy
2025-12-28 17:24:38 - INFO - 开始执行策略...
2025-12-28 17:25:34 - ERROR - 策略执行失败！
2025-12-28 17:25:34 - INFO - ============================================================
2025-12-28 17:25:34 - INFO - 任务运行器结束 - 任务ID: 1
2025-12-28 17:25:34 - INFO - ============================================================
2025-12-28 17:27:24 - INFO - === 任务开始 - 测试 (ID: 1) ===
2025-12-28 17:27:24 - INFO - ============================================================
2025-12-28 17:27:24 - INFO - 任务运行器启动 - 任务ID: 1
2025-12-28 17:27:24 - INFO - ============================================================
2025-12-28 17:27:24 - INFO - 任务数据加载成功: 测试
2025-12-28 17:27:24 - INFO - 钱包: 我自己的钱包 (futures)
2025-12-28 17:27:24 - INFO - 策略: 合约HIDDEN自成交策略 (hidden_futures)
2025-12-28 17:27:24 - INFO - 策略参数: {'symbol': 'SKYUSDT', 'quantity': '3000.00000000', 'interval': 5, 'rounds': 3, 'leverage': 20, 'side': 'both', 'order_type': 'market'}
2025-12-28 17:27:24 - INFO - 策略类加载成功: HiddenFuturesStrategy
2025-12-28 17:27:24 - INFO - 策略实例创建成功: HiddenFuturesStrategy
2025-12-28 17:27:24 - INFO - 开始执行策略...
2025-12-28 17:27:24 - INFO - 策略配置: {'user_address': '0x056b241835dBe6F401BA19e94cB2039330445F33', 'signer_address': '0x4273a4a866cf2f5ed8ab6dfd19a24f75eed43245', 'private_key': '0x0970faf9405862f4aca808494d2d5740082a5bb6f5f6a37930d1c2314edced97', 'proxy_enabled': True, 'proxy_host': '127.0.0.1', 'proxy_port': 7890}
2025-12-28 17:28:25 - ERROR - 策略执行失败！
2025-12-28 17:28:25 - INFO - ============================================================
2025-12-28 17:28:25 - INFO - 任务运行器结束 - 任务ID: 1
2025-12-28 17:28:25 - INFO - ============================================================
2025-12-28 17:31:34 - INFO - === 任务开始 - 测试 (ID: 1) ===
2025-12-28 17:31:34 - INFO - 任务启动成功
2025-12-28 17:31:34 - INFO - 任务参数:
2025-12-28 17:31:34 - INFO -   symbol: SKYUSDT
2025-12-28 17:31:34 - INFO -   quantity: 3000.0
2025-12-28 17:31:34 - INFO -   interval: 5
2025-12-28 17:31:34 - INFO -   rounds: 3
2025-12-28 17:31:34 - INFO -   leverage: 20
2025-12-28 17:31:34 - INFO -   side: both
2025-12-28 17:31:34 - INFO -   order_type: market
2025-12-28 17:31:36 - INFO - === 任务开始 - 测试 (ID: 1) ===
2025-12-28 17:31:36 - INFO - ============================================================
2025-12-28 17:31:36 - INFO - 任务运行器启动 - 任务ID: 1
2025-12-28 17:31:36 - INFO - ============================================================
2025-12-28 17:31:36 - INFO - 任务数据加载成功: 测试
2025-12-28 17:31:36 - INFO - 钱包: 我自己的钱包 (futures)
2025-12-28 17:31:36 - INFO - 策略: 合约HIDDEN自成交策略 (hidden_futures)
2025-12-28 17:31:36 - INFO - 策略参数: {'symbol': 'SKYUSDT', 'quantity': '3000.00000000', 'interval': 5, 'rounds': 3, 'leverage': 20, 'side': 'both', 'order_type': 'market'}
2025-12-28 17:31:37 - INFO - 策略类加载成功: HiddenFuturesStrategy
2025-12-28 17:31:37 - INFO - 策略实例创建成功: HiddenFuturesStrategy
2025-12-28 17:31:37 - INFO - 开始执行策略...
2025-12-28 17:31:37 - INFO - 策略配置: {'user_address': '0x056b241835dBe6F401BA19e94cB2039330445F33', 'signer_address': '0x4273a4a866cf2f5ed8ab6dfd19a24f75eed43245', 'private_key': '0x0970faf9405862f4aca808494d2d5740082a5bb6f5f6a37930d1c2314edced97', 'proxy_enabled': True, 'proxy_host': '127.0.0.1', 'proxy_port': 7890}
2025-12-28 17:31:37 - INFO - \n开始执行HIDDEN隐藏订单合约自成交策略...
2025-12-28 17:31:37 - INFO - 计划执行 3 轮，每轮间隔 5 秒
2025-12-28 17:31:49 - INFO - [SUCCESS] 连接和配置完成
2025-12-28 17:32:26 - ERROR - 策略执行失败！
2025-12-28 17:32:26 - INFO - ============================================================
2025-12-28 17:32:26 - INFO - 任务运行器结束 - 任务ID: 1
2025-12-28 17:32:26 - INFO - ============================================================
